SF:lib/core/api_client/dio_client.dart
DA:9,1
DA:11,1
DA:16,2
DA:18,2
DA:19,2
DA:20,1
DA:21,4
DA:23,3
DA:27,1
DA:33,2
DA:35,2
DA:36,2
DA:37,1
DA:38,4
DA:40,3
DA:44,1
DA:50,2
DA:52,2
DA:53,2
DA:54,1
DA:55,4
DA:57,3
DA:61,1
DA:67,2
DA:69,2
DA:70,2
DA:71,1
DA:72,4
DA:74,3
LF:29
LH:29
end_of_record
SF:lib/core/base_models/base_response_api.dart
DA:6,1
DA:9,1
DA:12,1
DA:13,1
DA:15,1
DA:16,1
DA:17,1
DA:18,2
DA:21,1
LF:9
LH:9
end_of_record
SF:lib/core/env/app_env.dart
DA:8,1
DA:13,0
DA:17,1
DA:18,1
DA:19,0
DA:21,1
LF:6
LH:4
end_of_record
SF:lib/core/error_handler/failure_case.dart
DA:10,3
DA:11,3
DA:16,3
DA:21,0
DA:26,2
LF:5
LH:4
end_of_record
SF:lib/core/extension/util_extension.dart
DA:5,2
DA:6,2
DA:9,2
DA:10,2
LF:4
LH:4
end_of_record
SF:lib/models/user_model.dart
DA:4,2
DA:6,1
DA:7,1
DA:8,3
DA:10,0
DA:11,0
LF:6
LH:4
end_of_record
SF:lib/domain/entities/user_entity.dart
DA:8,6
DA:14,1
DA:16,4
DA:19,2
DA:20,8
LF:5
LH:5
end_of_record
SF:lib/data/data_source/user_remote_data_source.dart
DA:12,0
DA:13,0
DA:16,0
DA:19,0
DA:22,0
LF:5
LH:0
end_of_record
SF:lib/data/repositories/user_repo_impl.dart
DA:9,1
DA:11,1
DA:14,2
DA:15,1
DA:16,1
DA:17,3
DA:18,1
DA:19,3
DA:23,1
DA:26,2
DA:27,1
DA:28,1
DA:29,3
DA:30,1
DA:31,3
LF:15
LH:15
end_of_record
SF:lib/domain/use_cases/user_info_uc.dart
DA:10,1
DA:12,1
DA:14,2
LF:3
LH:3
end_of_record
SF:lib/main.dart
DA:3,0
DA:4,0
DA:8,2
DA:11,1
DA:13,1
DA:15,1
DA:33,1
DA:46,1
DA:47,1
DA:53,1
DA:54,2
DA:60,2
DA:64,1
DA:72,1
DA:73,1
DA:76,3
DA:78,1
DA:81,1
DA:97,1
DA:101,1
DA:102,2
DA:103,3
DA:108,1
DA:109,1
LF:24
LH:22
end_of_record
